================================================================================
Appcelerator Titanium Diagnostics Build Log
The contents of this file are useful to send to Appcelerator Support if
reporting an issue to help us understand your environment, build settings
and aid in debugging. Please attach this log to any issue that you report.
================================================================================

<<<<<<< HEAD
Starting build at 12/06/12 16:39
=======
Starting build at 12/06/12 04:01
>>>>>>> fd85bc619cabdd4941d8c8719a1854224e51f418

Build details:

   timestamp=11/09/12 12:46
   module_apiversion=2
   version=2.1.4
   githash=51f2c64


Script arguments:
   /Users/Yosuke/Library/Application Support/Titanium/mobilesdk/osx/2.1.4.GA/iphone/builder.py
   simulator
   6.0
   /Users/Yosuke/Documents/Titanium_Studio_Workspace/TaskSoldier
   jp.co.TaskSoldier
   TaskSoldier
   universal
   iphone
   

Building from: /Users/Yosuke/Library/Application Support/Titanium/mobilesdk/osx/2.1.4.GA/iphone
Platform: Darwin Kernel Version 12.2.1: Thu Oct 18 16:32:48 PDT 2012; root:xnu-2050.20.9~2/RELEASE_X86_64

Xcode path is: /Applications/Xcode.app/Contents/Developer


githash=51f2c64, existing_git_hash=51f2c64
writing contents of /Users/Yosuke/Documents/Titanium_Studio_Workspace/TaskSoldier/build/iphone/project.xcconfig:

TI_VERSION=2.1.4.GA
TI_SDK_DIR=/Users/Yosuke/Library/Application Support/Titanium/mobilesdk/osx/$(TI_VERSION)/iphone
TI_APPID=jp.co.TaskSoldier
OTHER_LDFLAGS[sdk=iphoneos*]=$(inherited) -weak_framework iAd
OTHER_LDFLAGS[sdk=iphonesimulator*]=$(inherited) -weak_framework iAd
#include "module"

old contents


<<<<<<< HEAD
githash=59b3a90, existing_git_hash=59b3a90
writing contents of /Users/takemurahikaru/Documents/Titanium Studio Workspace/TaskSoldier/build/iphone/project.xcconfig:

TI_VERSION=1.8.2
TI_SDK_DIR=/Library/Application Support/Titanium/mobilesdk/osx/$(TI_VERSION)/iphone
TI_APPID=jp.co.TaskSoldier
OTHER_LDFLAGS[sdk=iphoneos*]=$(inherited) -weak_framework iAd
OTHER_LDFLAGS[sdk=iphonesimulator*]=$(inherited) -weak_framework iAd
#include "module"

old contents


=======
>>>>>>> fd85bc619cabdd4941d8c8719a1854224e51f418
Generated the following stylecode code:

<?xml version="1.0" encoding="UTF-8"?>
<!DOCTYPE plist PUBLIC "-//Apple//DTD PLIST 1.0//EN" "http://www.apple.com/DTDs/PropertyList-1.0.dtd">
<plist version="1.0">
	<dict>
		<key>classes</key>
		<dict>
</dict>

		<key>classes_density</key>
		<dict>
</dict>

		<key>ids</key>
		<dict>
</dict>

		<key>ids_density</key>
		<dict>
</dict>

		<key>tags</key>
		<dict>
</dict>

		<key>tags_density</key>
		<dict>
</dict>

	</dict>
</plist>
Finishing build
